Arguments: 
  /Users/kiguchi/.nodebrew/node/v10.21.0/bin/node /Users/kiguchi/.nodebrew/current/bin/yarn add @deck.gl/terrain

PATH: 
  /Users/kiguchi/.cargo/bin:/Users/kiguchi/.pyenv/shims:/Users/kiguchi/.nodebrew/current/bin:/Users/kiguchi/.pyenv/bin:/usr/local/bin:/usr/bin:/bin:/usr/sbin:/sbin:/Library/Apple/usr/bin:/Users/kiguchi/.cargo/bin

Yarn version: 
  1.22.5

Node version: 
  10.21.0

Platform: 
  darwin x64

Trace: 
  Error: https://registry.yarnpkg.com/@deck.gl%2fterrain: Not found
      at Request.params.callback [as _callback] (/Users/kiguchi/.nodebrew/node/v10.21.0/lib/node_modules/yarn/lib/cli.js:66988:18)
      at Request.self.callback (/Users/kiguchi/.nodebrew/node/v10.21.0/lib/node_modules/yarn/lib/cli.js:140662:22)
      at Request.emit (events.js:198:13)
      at Request.<anonymous> (/Users/kiguchi/.nodebrew/node/v10.21.0/lib/node_modules/yarn/lib/cli.js:141634:10)
      at Request.emit (events.js:198:13)
      at IncomingMessage.<anonymous> (/Users/kiguchi/.nodebrew/node/v10.21.0/lib/node_modules/yarn/lib/cli.js:141556:12)
      at Object.onceWrapper (events.js:286:20)
      at IncomingMessage.emit (events.js:203:15)
      at endReadableNT (_stream_readable.js:1145:12)
      at process._tickCallback (internal/process/next_tick.js:63:19)

npm manifest: 
  {
      "name": "deckgl-gsi-terrain-layer",
      "version": "1.0.0",
      "description": "",
      "main": "index.js",
      "scripts": {
          "test": "echo \"Error: no test specified\" && exit 1"
      },
      "repository": {
          "type": "git",
          "url": "git+https://github.com/Kanahiro/deckgl-gsi-terrain-layer.git"
      },
      "author": "Kanahiro Iguchi <kanahiro.iguchi@gmail.com> (https://github.com/Kanahiro)",
      "license": "MIT",
      "bugs": {
          "url": "https://github.com/Kanahiro/deckgl-gsi-terrain-layer/issues"
      },
      "homepage": "https://github.com/Kanahiro/deckgl-gsi-terrain-layer#readme"
  }

yarn manifest: 
  No manifest

Lockfile: 
  No lockfile
